<?xml version="1.0" encoding="UTF-8"?>
<testng-results skipped="0" failed="0" ignored="0" total="6" passed="6">
  <reporter-output>
  </reporter-output>
  <suite name="Default suite" duration-ms="100" started-at="2017-02-17T06:54:26Z" finished-at="2017-02-17T06:54:26Z">
    <groups>
    </groups>
    <test name="Default test" duration-ms="100" started-at="2017-02-17T06:54:26Z" finished-at="2017-02-17T06:54:26Z">
      <class name="TestNG.EmployeesPaymentTest">
        <test-method status="PASS" signature="testActualAmountOfWeekHours()[pri:0, instance:TestNG.EmployeesPaymentTest@18c92ff9]" name="testActualAmountOfWeekHours" duration-ms="17" started-at="2017-02-16T22:54:26Z" finished-at="2017-02-16T22:54:26Z">
          <reporter-output>
          </reporter-output>
        </test-method> <!-- testActualAmountOfWeekHours -->
        <test-method status="PASS" signature="testAdditionalFee()[pri:0, instance:TestNG.EmployeesPaymentTest@18c92ff9]" name="testAdditionalFee" duration-ms="3" started-at="2017-02-16T22:54:26Z" finished-at="2017-02-16T22:54:26Z">
          <reporter-output>
          </reporter-output>
        </test-method> <!-- testAdditionalFee -->
        <test-method status="PASS" signature="testAvgAgeOfWorkers()[pri:0, instance:TestNG.EmployeesPaymentTest@18c92ff9]" name="testAvgAgeOfWorkers" duration-ms="4" started-at="2017-02-16T22:54:26Z" finished-at="2017-02-16T22:54:26Z">
          <reporter-output>
          </reporter-output>
        </test-method> <!-- testAvgAgeOfWorkers -->
        <test-method status="PASS" signature="testBonus()[pri:0, instance:TestNG.EmployeesPaymentTest@18c92ff9]" name="testBonus" duration-ms="4" started-at="2017-02-16T22:54:26Z" finished-at="2017-02-16T22:54:26Z">
          <reporter-output>
          </reporter-output>
        </test-method> <!-- testBonus -->
        <test-method status="PASS" signature="testCalculateSalary()[pri:0, instance:TestNG.EmployeesPaymentTest@18c92ff9]" name="testCalculateSalary" duration-ms="3" started-at="2017-02-16T22:54:26Z" finished-at="2017-02-16T22:54:26Z">
          <reporter-output>
          </reporter-output>
        </test-method> <!-- testCalculateSalary -->
        <test-method status="PASS" signature="testQaTesterRating()[pri:0, instance:TestNG.EmployeesPaymentTest@18c92ff9]" name="testQaTesterRating" duration-ms="2" started-at="2017-02-16T22:54:26Z" finished-at="2017-02-16T22:54:26Z">
          <reporter-output>
          </reporter-output>
        </test-method> <!-- testQaTesterRating -->
      </class> <!-- TestNG.EmployeesPaymentTest -->
    </test> <!-- Default test -->
  </suite> <!-- Default suite -->
</testng-results>
