<?xml version="1.0" encoding="UTF-8"?>
<!-- Generated by org.testng.reporters.JUnitXMLReporter -->
<testsuite hostname="Vitaliis-MacBook-Pro.local" ignored="0" name="Default test" tests="6" failures="0" timestamp="17 Feb 2017 06:54:26 GMT" time="0.1" errors="0">
  <testcase name="testActualAmountOfWeekHours" time="0.017" classname="TestNG.EmployeesPaymentTest"/>
  <testcase name="testAdditionalFee" time="0.003" classname="TestNG.EmployeesPaymentTest"/>
  <testcase name="testAvgAgeOfWorkers" time="0.004" classname="TestNG.EmployeesPaymentTest"/>
  <testcase name="testBonus" time="0.004" classname="TestNG.EmployeesPaymentTest"/>
  <testcase name="testCalculateSalary" time="0.003" classname="TestNG.EmployeesPaymentTest"/>
  <testcase name="testQaTesterRating" time="0.002" classname="TestNG.EmployeesPaymentTest"/>
</testsuite> <!-- Default test -->
